Using pre-set license
Built from '2022.1/staging' branch; Version is '2022.1.13f1 (22856944e6d2) revision 2262377'; Using compiler version '192829333'; Build Type 'Release'
OS: 'Windows 10  (10.0.19044) 64bit Core' Language: 'en' Physical Memory: 32621 MB
BatchMode: 1, IsHumanControllingUs: 0, StartBugReporterOnCrash: 0, Is64bit: 1, IsPro: 1

COMMAND LINE ARGUMENTS:
C:\Program Files\Unity 2022.1.13f1\Editor\Unity.exe
-adb2
-batchMode
-noUpm
-name
AssetImportWorker7
-projectPath
E:/SpaceBakingGame/GalacticBaking
-logFile
Logs/AssetImportWorker7.log
-srvPort
57705
Successfully changed project path to: E:/SpaceBakingGame/GalacticBaking
E:/SpaceBakingGame/GalacticBaking
[UnityMemory] Configuration Parameters - Can be set up in boot.config
    "memorysetup-bucket-allocator-granularity=16"
    "memorysetup-bucket-allocator-bucket-count=8"
    "memorysetup-bucket-allocator-block-size=33554432"
    "memorysetup-bucket-allocator-block-count=8"
    "memorysetup-main-allocator-block-size=16777216"
    "memorysetup-thread-allocator-block-size=16777216"
    "memorysetup-gfx-main-allocator-block-size=16777216"
    "memorysetup-gfx-thread-allocator-block-size=16777216"
    "memorysetup-cache-allocator-block-size=4194304"
    "memorysetup-typetree-allocator-block-size=2097152"
    "memorysetup-profiler-bucket-allocator-granularity=16"
    "memorysetup-profiler-bucket-allocator-bucket-count=8"
    "memorysetup-profiler-bucket-allocator-block-size=33554432"
    "memorysetup-profiler-bucket-allocator-block-count=8"
    "memorysetup-profiler-allocator-block-size=16777216"
    "memorysetup-profiler-editor-allocator-block-size=1048576"
    "memorysetup-temp-allocator-size-main=16777216"
    "memorysetup-job-temp-allocator-block-size=2097152"
    "memorysetup-job-temp-allocator-block-size-background=1048576"
    "memorysetup-job-temp-allocator-reduction-small-platforms=262144"
    "memorysetup-temp-allocator-size-background-worker=32768"
    "memorysetup-temp-allocator-size-job-worker=262144"
    "memorysetup-temp-allocator-size-preload-manager=33554432"
    "memorysetup-temp-allocator-size-nav-mesh-worker=65536"
    "memorysetup-temp-allocator-size-audio-worker=65536"
    "memorysetup-temp-allocator-size-cloud-worker=32768"
    "memorysetup-temp-allocator-size-gi-baking-worker=262144"
    "memorysetup-temp-allocator-size-gfx=262144"
Refreshing native plugins compatible for Editor in 87.00 ms, found 4 plugins.
Preloading 0 native plugins for Editor in 0.00 ms.
Initialize engine version: 2022.1.13f1 (22856944e6d2)
[Subsystems] Discovering subsystems at path C:/Program Files/Unity 2022.1.13f1/Editor/Data/Resources/UnitySubsystems
[Subsystems] Discovering subsystems at path E:/SpaceBakingGame/GalacticBaking/Assets
GfxDevice: creating device client; threaded=0; jobified=0
Direct3D:
    Version:  Direct3D 11.0 [level 11.1]
    Renderer: NVIDIA GeForce GTX 1660 Ti (ID=0x2182)
    Vendor:   NVIDIA
    VRAM:     5979 MB
    Driver:   31.0.15.2756
Initialize mono
Mono path[0] = 'C:/Program Files/Unity 2022.1.13f1/Editor/Data/Managed'
Mono path[1] = 'C:/Program Files/Unity 2022.1.13f1/Editor/Data/MonoBleedingEdge/lib/mono/unityjit-win32'
Mono config path = 'C:/Program Files/Unity 2022.1.13f1/Editor/Data/MonoBleedingEdge/etc'
Using monoOptions --debugger-agent=transport=dt_socket,embedding=1,server=y,suspend=n,address=127.0.0.1:56932
Begin MonoManager ReloadAssembly
Registering precompiled unity dll's ...
Register platform support module: C:/Program Files/Unity 2022.1.13f1/Editor/Data/PlaybackEngines/WindowsStandaloneSupport/UnityEditor.WindowsStandalone.Extensions.dll
Registered in 0.004230 seconds.
Native extension for WindowsStandalone target not found
Refreshing native plugins compatible for Editor in 86.69 ms, found 4 plugins.
Preloading 0 native plugins for Editor in 0.00 ms.
Mono: successfully reloaded assembly
- Completed reload, in  0.570 seconds
Domain Reload Profiling:
	ReloadAssembly (570ms)
		BeginReloadAssembly (63ms)
			ExecutionOrderSort (0ms)
			DisableScriptedObjects (0ms)
			BackupInstance (0ms)
			ReleaseScriptingObjects (0ms)
			CreateAndSetChildDomain (1ms)
		EndReloadAssembly (415ms)
			LoadAssemblies (61ms)
			RebuildTransferFunctionScriptingTraits (0ms)
			SetupTypeCache (97ms)
				TypeCache.Initialize (96ms)
					TypeCache.ScanAssembly (95ms)
				ResolveRequiredComponents (0ms)
			ReleaseScriptCaches (0ms)
			RebuildScriptCaches (23ms)
			SetupLoadedEditorAssemblies (250ms)
				LogAssemblyErrors (0ms)
				InitializePlatformSupportModulesInManaged (6ms)
				SetLoadedEditorAssemblies (6ms)
				RefreshPlugins (87ms)
				BeforeProcessingInitializeOnLoad (1ms)
				ProcessInitializeOnLoadAttributes (113ms)
				ProcessInitializeOnLoadMethodAttributes (38ms)
				AfterProcessingInitializeOnLoad (0ms)
				EditorAssembliesLoaded (0ms)
			ExecutionOrderSort2 (0ms)
			AwakeInstancesAfterBackupRestoration (0ms)
Platform modules already initialized, skipping
Registering precompiled user dll's ...
Registered in 0.004265 seconds.
Begin MonoManager ReloadAssembly
Symbol file LoadedFromMemory doesn't match image E:\SpaceBakingGame\GalacticBaking\Library\PackageCache\com.unity.visualscripting@1.7.8\Editor\VisualScripting.Core\Dependencies\YamlDotNet\Unity.VisualScripting.YamlDotNet.dll
Symbol file LoadedFromMemory doesn't match image E:\SpaceBakingGame\GalacticBaking\Library\PackageCache\com.unity.visualscripting@1.7.8\Editor\VisualScripting.Core\Dependencies\DotNetZip\Unity.VisualScripting.IonicZip.dll
Native extension for WindowsStandalone target not found
Refreshing native plugins compatible for Editor in 84.21 ms, found 4 plugins.
Preloading 0 native plugins for Editor in 0.00 ms.
Mono: successfully reloaded assembly
- Completed reload, in  1.137 seconds
Domain Reload Profiling:
	ReloadAssembly (1137ms)
		BeginReloadAssembly (101ms)
			ExecutionOrderSort (0ms)
			DisableScriptedObjects (5ms)
			BackupInstance (0ms)
			ReleaseScriptingObjects (0ms)
			CreateAndSetChildDomain (16ms)
		EndReloadAssembly (939ms)
			LoadAssemblies (75ms)
			RebuildTransferFunctionScriptingTraits (0ms)
			SetupTypeCache (247ms)
				TypeCache.Initialize (241ms)
					TypeCache.ScanAssembly (238ms)
				ResolveRequiredComponents (5ms)
			ReleaseScriptCaches (1ms)
			RebuildScriptCaches (54ms)
			SetupLoadedEditorAssemblies (525ms)
				LogAssemblyErrors (0ms)
				InitializePlatformSupportModulesInManaged (4ms)
				SetLoadedEditorAssemblies (6ms)
				RefreshPlugins (84ms)
				BeforeProcessingInitializeOnLoad (81ms)
				ProcessInitializeOnLoadAttributes (323ms)
				ProcessInitializeOnLoadMethodAttributes (21ms)
				AfterProcessingInitializeOnLoad (7ms)
				EditorAssembliesLoaded (0ms)
			ExecutionOrderSort2 (0ms)
			AwakeInstancesAfterBackupRestoration (5ms)
Platform modules already initialized, skipping
========================================================================
Worker process is ready to serve import requests
Launched and connected shader compiler UnityShaderCompiler.exe after 0.03 seconds
Refreshing native plugins compatible for Editor in 0.73 ms, found 4 plugins.
Preloading 0 native plugins for Editor in 0.00 ms.
Unloading 4456 Unused Serialized files (Serialized files now loaded: 0)
Unloading 69 unused Assets / (1.7 MB). Loaded Objects now: 4929.
Memory consumption went from 0.69 GB to 0.69 GB.
Total: 3.280300 ms (FindLiveObjects: 0.382100 ms CreateObjectMapping: 0.312200 ms MarkObjects: 2.275700 ms  DeleteObjects: 0.309600 ms)

AssetImportParameters requested are different than current active one (requested -> active):
  custom:video-decoder-ogg-theora: a1e56fd34408186e4bbccfd4996cb3dc -> 
  custom:container-muxer-webm: aa71ff27fc2769a1b78a27578f13a17b -> 
  custom:container-demuxer-webm: 4f35f7cbe854078d1ac9338744f61a02 -> 
  custom:video-encoder-webm-vp8: eb34c28f22e8b96e1ab97ce403110664 -> 
  custom:video-codec-MediaFoundation-h265: e54d7ab0439102e2317fc1e4b246158d -> 
  custom:audio-encoder-webm-vorbis: bf7c407c2cedff20999df2af8eb42d56 -> 
  custom:framework-win-MediaFoundation: 216162199b28c13a410421893ffa2e32 -> 
  custom:container-demuxer-ogg: 62fdf1f143b41e24485cea50d1cbac27 -> 
  custom:video-decoder-webm-vp8: 9c59270c3fd7afecdb556c50c9e8de78 -> 
  custom:audio-decoder-ogg-vorbis: bf7c407c2cedff20999df2af8eb42d56 -> 
========================================================================
Received Import Request.
  Time since last request: 2071.947396 seconds.
  path: Assets/MaterialsArt/crystals_Small_fixed_Crystal_base_Emission.png
  artifactKey: Guid(924709ab789d6c14f9c495e410cb60fb) Importer(815301076,1909f56bfc062723c751e8b465ee728b)
Start importing Assets/MaterialsArt/crystals_Small_fixed_Crystal_base_Emission.png using Guid(924709ab789d6c14f9c495e410cb60fb) Importer(815301076,1909f56bfc062723c751e8b465ee728b)  -> (artifact id: 'f6329222fcee065c34c8e3d15b214728') in 0.092659 seconds 
========================================================================
Received Import Request.
  Time since last request: 149.010106 seconds.
  path: Assets/MaterialsArt/Tree1_trunk2.mat
  artifactKey: Guid(989fe15ac68d1d949bed16b161fc9739) Importer(815301076,1909f56bfc062723c751e8b465ee728b)
Start importing Assets/MaterialsArt/Tree1_trunk2.mat using Guid(989fe15ac68d1d949bed16b161fc9739) Importer(815301076,1909f56bfc062723c751e8b465ee728b)  -> (artifact id: '2b23845f73309d53ba87250ba15e7da0') in 0.124937 seconds 
========================================================================
Received Import Request.
  Time since last request: 55.996276 seconds.
  path: Assets/MaterialsArt/crystals_Small_fixed_crystalType1_small_Emission.png
  artifactKey: Guid(f2e4d8c1a814ad144af96610c9ede57e) Importer(815301076,1909f56bfc062723c751e8b465ee728b)
Start importing Assets/MaterialsArt/crystals_Small_fixed_crystalType1_small_Emission.png using Guid(f2e4d8c1a814ad144af96610c9ede57e) Importer(815301076,1909f56bfc062723c751e8b465ee728b)  -> (artifact id: 'b1865fe96cdb4614bdcf463fbbd0ec18') in 0.015594 seconds 
========================================================================
Received Import Request.
  Time since last request: 0.000022 seconds.
  path: Assets/MaterialsArt/crystals_Small_fixed_crystalType1_small_Normal.png
  artifactKey: Guid(3dbb7341e7d30144db7931233d492c39) Importer(815301076,1909f56bfc062723c751e8b465ee728b)
Start importing Assets/MaterialsArt/crystals_Small_fixed_crystalType1_small_Normal.png using Guid(3dbb7341e7d30144db7931233d492c39) Importer(815301076,1909f56bfc062723c751e8b465ee728b)  -> (artifact id: '044bb168f55bfe648e0e537b3f49fa01') in 0.013996 seconds 
========================================================================
Received Import Request.
  Time since last request: 215.560027 seconds.
  path: Assets/MaterialsArt/crystals_Small_fixed_crystalType2_small_Emission.png
  artifactKey: Guid(dba58394482fba043beb13b3d95b4e3b) Importer(815301076,1909f56bfc062723c751e8b465ee728b)
Start importing Assets/MaterialsArt/crystals_Small_fixed_crystalType2_small_Emission.png using Guid(dba58394482fba043beb13b3d95b4e3b) Importer(815301076,1909f56bfc062723c751e8b465ee728b)  -> (artifact id: '06875a2c2c594e02153c68d22c61727c') in 0.014010 seconds 
========================================================================
Received Import Request.
  Time since last request: 0.000018 seconds.
  path: Assets/MaterialsArt/crystals_Small_fixed_crystalType2_small_Normal.png
  artifactKey: Guid(5d20c65f5e6c82b43afe3c54194fa7cc) Importer(815301076,1909f56bfc062723c751e8b465ee728b)
Start importing Assets/MaterialsArt/crystals_Small_fixed_crystalType2_small_Normal.png using Guid(5d20c65f5e6c82b43afe3c54194fa7cc) Importer(815301076,1909f56bfc062723c751e8b465ee728b)  -> (artifact id: '90e37e8d8755c47c6de2c45f83b7665a') in 0.015485 seconds 
========================================================================
Received Import Request.
  Time since last request: 155.070848 seconds.
  path: Assets/MaterialsArt/crystals_Small_fixed_crystalType3_small_Emission.png
  artifactKey: Guid(11373839c1d7d8840a5823a38657d419) Importer(815301076,1909f56bfc062723c751e8b465ee728b)
Start importing Assets/MaterialsArt/crystals_Small_fixed_crystalType3_small_Emission.png using Guid(11373839c1d7d8840a5823a38657d419) Importer(815301076,1909f56bfc062723c751e8b465ee728b)  -> (artifact id: 'c15bb689db017397b4990aea57dbaf37') in 0.016227 seconds 
========================================================================
Received Import Request.
  Time since last request: 0.000064 seconds.
  path: Assets/MaterialsArt/crystals_Small_fixed_crystalType3_small_MetallicSmoothness.png
  artifactKey: Guid(21ebe78f3b6b5d84099c55a9141e28b7) Importer(815301076,1909f56bfc062723c751e8b465ee728b)
Start importing Assets/MaterialsArt/crystals_Small_fixed_crystalType3_small_MetallicSmoothness.png using Guid(21ebe78f3b6b5d84099c55a9141e28b7) Importer(815301076,1909f56bfc062723c751e8b465ee728b)  -> (artifact id: '96679725a55c01909c592de25e621761') in 0.019287 seconds 
========================================================================
Received Import Request.
  Time since last request: 63.775452 seconds.
  path: Assets/MaterialsArt/Cry_3_S.mat
  artifactKey: Guid(980b4aa43bc38034fa87549f5649d7f4) Importer(815301076,1909f56bfc062723c751e8b465ee728b)
Start importing Assets/MaterialsArt/Cry_3_S.mat using Guid(980b4aa43bc38034fa87549f5649d7f4) Importer(815301076,1909f56bfc062723c751e8b465ee728b)  -> (artifact id: 'e9693e52621ddd9bb74c1b302879f0f4') in 0.031909 seconds 
========================================================================
Received Import Request.
  Time since last request: 100.410977 seconds.
  path: Assets/MaterialsArt/crystals_Medium_fixed_crystal_base2_Emission.png
  artifactKey: Guid(c61d399fcd598644a9fa63e36ce84868) Importer(815301076,1909f56bfc062723c751e8b465ee728b)
Start importing Assets/MaterialsArt/crystals_Medium_fixed_crystal_base2_Emission.png using Guid(c61d399fcd598644a9fa63e36ce84868) Importer(815301076,1909f56bfc062723c751e8b465ee728b)  -> (artifact id: 'ef0ddc8afc5d65cd5b941b78fe7fbe08') in 0.013629 seconds 
========================================================================
Received Import Request.
  Time since last request: 0.000022 seconds.
  path: Assets/MaterialsArt/crystals_Medium_fixed_crystal_base2_Normal.png
  artifactKey: Guid(fafe4e59627a21f45b4b90aff74e6c7c) Importer(815301076,1909f56bfc062723c751e8b465ee728b)
Start importing Assets/MaterialsArt/crystals_Medium_fixed_crystal_base2_Normal.png using Guid(fafe4e59627a21f45b4b90aff74e6c7c) Importer(815301076,1909f56bfc062723c751e8b465ee728b)  -> (artifact id: '8f3e963b1753eb9f0d6bb26c4308f7b9') in 0.015617 seconds 
========================================================================
Received Import Request.
  Time since last request: 116.020742 seconds.
  path: Assets/MaterialsArt/crystals_Medium_fixed_crystalType1_med_Emission.png
  artifactKey: Guid(5f9804f38c70c14409111514667b9388) Importer(815301076,1909f56bfc062723c751e8b465ee728b)
Start importing Assets/MaterialsArt/crystals_Medium_fixed_crystalType1_med_Emission.png using Guid(5f9804f38c70c14409111514667b9388) Importer(815301076,1909f56bfc062723c751e8b465ee728b)  -> (artifact id: '83132fe2d00613af00884cf248717869') in 0.014386 seconds 
========================================================================
Received Import Request.
  Time since last request: 0.000024 seconds.
  path: Assets/MaterialsArt/crystals_Medium_fixed_crystalType1_med_Normal.png
  artifactKey: Guid(9ec1810ee3ef32c45bbfe9477a28adbb) Importer(815301076,1909f56bfc062723c751e8b465ee728b)
Start importing Assets/MaterialsArt/crystals_Medium_fixed_crystalType1_med_Normal.png using Guid(9ec1810ee3ef32c45bbfe9477a28adbb) Importer(815301076,1909f56bfc062723c751e8b465ee728b)  -> (artifact id: 'dcaec04307932fb2752d7661f926b94a') in 0.015081 seconds 
========================================================================
Received Import Request.
  Time since last request: 140.602073 seconds.
  path: Assets/MaterialsArt/crystals_Medium_fixed_crystalType2_med_Emission.png
  artifactKey: Guid(b792117ce0c3b5f4e8601c1ac56c3565) Importer(815301076,1909f56bfc062723c751e8b465ee728b)
Start importing Assets/MaterialsArt/crystals_Medium_fixed_crystalType2_med_Emission.png using Guid(b792117ce0c3b5f4e8601c1ac56c3565) Importer(815301076,1909f56bfc062723c751e8b465ee728b)  -> (artifact id: '1a10378f6443dc183461872c0f8eee19') in 0.014018 seconds 
========================================================================
Received Import Request.
  Time since last request: 0.000022 seconds.
  path: Assets/MaterialsArt/crystals_Medium_fixed_crystalType2_med_Normal.png
  artifactKey: Guid(a7d83224ebdb5514ebd9033816747a35) Importer(815301076,1909f56bfc062723c751e8b465ee728b)
Start importing Assets/MaterialsArt/crystals_Medium_fixed_crystalType2_med_Normal.png using Guid(a7d83224ebdb5514ebd9033816747a35) Importer(815301076,1909f56bfc062723c751e8b465ee728b)  -> (artifact id: '4c7631628609e8efded8eaea4ceb52a9') in 0.018174 seconds 
========================================================================
Received Import Request.
  Time since last request: 155.220093 seconds.
  path: Assets/MaterialsArt/crystals_Medium_fixed_crystalType3_med_Emission.png
  artifactKey: Guid(4fd1f1ec5537cb74db2811a189ef7398) Importer(815301076,1909f56bfc062723c751e8b465ee728b)
Start importing Assets/MaterialsArt/crystals_Medium_fixed_crystalType3_med_Emission.png using Guid(4fd1f1ec5537cb74db2811a189ef7398) Importer(815301076,1909f56bfc062723c751e8b465ee728b)  -> (artifact id: '35aba851065b6416054d7f47b6b5d8cb') in 0.014438 seconds 
========================================================================
Received Import Request.
  Time since last request: 0.000018 seconds.
  path: Assets/MaterialsArt/crystals_Medium_fixed_crystalType3_med_MetallicSmoothness.png
  artifactKey: Guid(9df88b1b76f3c2449831c10b3e854081) Importer(815301076,1909f56bfc062723c751e8b465ee728b)
Start importing Assets/MaterialsArt/crystals_Medium_fixed_crystalType3_med_MetallicSmoothness.png using Guid(9df88b1b76f3c2449831c10b3e854081) Importer(815301076,1909f56bfc062723c751e8b465ee728b)  -> (artifact id: '9a79b5e79e0127e40fdd3e06b924c232') in 0.058518 seconds 
========================================================================
Received Import Request.
  Time since last request: 346.497745 seconds.
  path: Assets/MaterialsArt/boulder1_boulder1_MetallicSmoothness.png
  artifactKey: Guid(f1b3bbb0c4d69a2419956aab3fa7ea85) Importer(815301076,1909f56bfc062723c751e8b465ee728b)
Start importing Assets/MaterialsArt/boulder1_boulder1_MetallicSmoothness.png using Guid(f1b3bbb0c4d69a2419956aab3fa7ea85) Importer(815301076,1909f56bfc062723c751e8b465ee728b)  -> (artifact id: 'a842d5c9d782385a4f9cdf1489b1a686') in 0.015935 seconds 
========================================================================
Received Import Request.
  Time since last request: 212.762604 seconds.
  path: Assets/MaterialsArt/boulder1_crystals_fixed_boulder1_MetallicSmoothness.png
  artifactKey: Guid(be7b5bc5c09f7274b9e5b596f9f437e0) Importer(815301076,1909f56bfc062723c751e8b465ee728b)
Start importing Assets/MaterialsArt/boulder1_crystals_fixed_boulder1_MetallicSmoothness.png using Guid(be7b5bc5c09f7274b9e5b596f9f437e0) Importer(815301076,1909f56bfc062723c751e8b465ee728b)  -> (artifact id: '98cf9cf90a92f6ee322b8ca46900ad94') in 0.013721 seconds 
========================================================================
Received Import Request.
  Time since last request: 0.000029 seconds.
  path: Assets/MaterialsArt/boulder1_crystals_fixed_boulder1_Normal.png
  artifactKey: Guid(a20a19381af10e341b5b3d59f0d5e576) Importer(815301076,1909f56bfc062723c751e8b465ee728b)
Start importing Assets/MaterialsArt/boulder1_crystals_fixed_boulder1_Normal.png using Guid(a20a19381af10e341b5b3d59f0d5e576) Importer(815301076,1909f56bfc062723c751e8b465ee728b)  -> (artifact id: 'aed6c4752b7ecb43941861622b34e1c4') in 0.013790 seconds 
========================================================================
Received Import Request.
  Time since last request: 316.424622 seconds.
  path: Assets/MaterialsArt/crystals_Large_fixed_crystals_base3_Emission.png
  artifactKey: Guid(1523cc0220404d343875ed11b2d12bd8) Importer(815301076,1909f56bfc062723c751e8b465ee728b)
Start importing Assets/MaterialsArt/crystals_Large_fixed_crystals_base3_Emission.png using Guid(1523cc0220404d343875ed11b2d12bd8) Importer(815301076,1909f56bfc062723c751e8b465ee728b)  -> (artifact id: '208e2c827d52b9ad99b85b25aee7f400') in 0.014066 seconds 
========================================================================
Received Import Request.
  Time since last request: 0.000023 seconds.
  path: Assets/MaterialsArt/crystals_Large_fixed_crystals_base3_Normal.png
  artifactKey: Guid(ed82b60f2bb46b8418ab46f2e5587fcc) Importer(815301076,1909f56bfc062723c751e8b465ee728b)
Start importing Assets/MaterialsArt/crystals_Large_fixed_crystals_base3_Normal.png using Guid(ed82b60f2bb46b8418ab46f2e5587fcc) Importer(815301076,1909f56bfc062723c751e8b465ee728b)  -> (artifact id: 'eb35af9116a9c7d7cbb8515779590e27') in 0.017563 seconds 
========================================================================
Received Import Request.
  Time since last request: 127.508077 seconds.
  path: Assets/MaterialsArt/crystals_Large_fixed_crystalType1_large_Emission.png
  artifactKey: Guid(f9254bdd4c8cbec469ab95c281d445a4) Importer(815301076,1909f56bfc062723c751e8b465ee728b)
Start importing Assets/MaterialsArt/crystals_Large_fixed_crystalType1_large_Emission.png using Guid(f9254bdd4c8cbec469ab95c281d445a4) Importer(815301076,1909f56bfc062723c751e8b465ee728b)  -> (artifact id: 'feb3226f8d37ed69972e686470bde849') in 0.014130 seconds 
========================================================================
Received Import Request.
  Time since last request: 0.000022 seconds.
  path: Assets/MaterialsArt/crystals_Large_fixed_crystalType1_large_Normal.png
  artifactKey: Guid(3ec16060d5015624cad9c421e3fdaf14) Importer(815301076,1909f56bfc062723c751e8b465ee728b)
Start importing Assets/MaterialsArt/crystals_Large_fixed_crystalType1_large_Normal.png using Guid(3ec16060d5015624cad9c421e3fdaf14) Importer(815301076,1909f56bfc062723c751e8b465ee728b)  -> (artifact id: '7b606c6e7bcefe0fc26cecd9f06ac636') in 0.013711 seconds 
========================================================================
Received Import Request.
  Time since last request: 138.821343 seconds.
  path: Assets/MaterialsArt/crystals_Large_fixed_crystalType2_large_Emission.png
  artifactKey: Guid(38e6ed371d78ae84fa40baf862c1cc22) Importer(815301076,1909f56bfc062723c751e8b465ee728b)
Start importing Assets/MaterialsArt/crystals_Large_fixed_crystalType2_large_Emission.png using Guid(38e6ed371d78ae84fa40baf862c1cc22) Importer(815301076,1909f56bfc062723c751e8b465ee728b)  -> (artifact id: '24f37b9a8bca5b55a46a09050597fa29') in 0.014765 seconds 
========================================================================
Received Import Request.
  Time since last request: 0.000025 seconds.
  path: Assets/MaterialsArt/crystals_Large_fixed_crystalType2_large_Normal.png
  artifactKey: Guid(5fe5b5ba8e6c22c45a1a2054c2b7d127) Importer(815301076,1909f56bfc062723c751e8b465ee728b)
Start importing Assets/MaterialsArt/crystals_Large_fixed_crystalType2_large_Normal.png using Guid(5fe5b5ba8e6c22c45a1a2054c2b7d127) Importer(815301076,1909f56bfc062723c751e8b465ee728b)  -> (artifact id: '8d86914e2e40f4e883f71260ac6bbf95') in 0.015701 seconds 
========================================================================
Received Import Request.
  Time since last request: 89.819298 seconds.
  path: Assets/MaterialsArt/crystals_Large_fixed_crystalType3_large_Emission.png
  artifactKey: Guid(effca808818ac91498716bf02389c542) Importer(815301076,1909f56bfc062723c751e8b465ee728b)
Start importing Assets/MaterialsArt/crystals_Large_fixed_crystalType3_large_Emission.png using Guid(effca808818ac91498716bf02389c542) Importer(815301076,1909f56bfc062723c751e8b465ee728b)  -> (artifact id: '10f11606ba7ce3f895eacd806af0c7aa') in 0.014510 seconds 
========================================================================
Received Import Request.
  Time since last request: 0.000029 seconds.
  path: Assets/MaterialsArt/crystals_Large_fixed_crystalType3_large_Normal.png
  artifactKey: Guid(252b2e91af2a5da4b865752881615b4a) Importer(815301076,1909f56bfc062723c751e8b465ee728b)
Start importing Assets/MaterialsArt/crystals_Large_fixed_crystalType3_large_Normal.png using Guid(252b2e91af2a5da4b865752881615b4a) Importer(815301076,1909f56bfc062723c751e8b465ee728b)  -> (artifact id: '9b9bb2f2ba5dd9e0d95a02a5aaead2a0') in 0.047016 seconds 
========================================================================
Received Import Request.
  Time since last request: 233.844787 seconds.
  path: Assets/MaterialsArt/boulder2_boulder2_MetallicSmoothness.png
  artifactKey: Guid(0a8c7c05e3d7144498b68319dafc0ce3) Importer(815301076,1909f56bfc062723c751e8b465ee728b)
Start importing Assets/MaterialsArt/boulder2_boulder2_MetallicSmoothness.png using Guid(0a8c7c05e3d7144498b68319dafc0ce3) Importer(815301076,1909f56bfc062723c751e8b465ee728b)  -> (artifact id: 'e2b7544a7b606e2240b1586632933d41') in 0.014156 seconds 
========================================================================
Received Import Request.
  Time since last request: 0.000023 seconds.
  path: Assets/MaterialsArt/boulder2_boulder2_Normal.png
  artifactKey: Guid(114623625bfbe2940b7bbf5e16fc1357) Importer(815301076,1909f56bfc062723c751e8b465ee728b)
Start importing Assets/MaterialsArt/boulder2_boulder2_Normal.png using Guid(114623625bfbe2940b7bbf5e16fc1357) Importer(815301076,1909f56bfc062723c751e8b465ee728b)  -> (artifact id: 'cd26e5d387ae3f5aaea2bcbb10ca1eaa') in 0.017592 seconds 
========================================================================
Received Import Request.
  Time since last request: 277.559145 seconds.
  path: Assets/MaterialsArt/boulder2_crystals_fixed_boulder2_MetallicSmoothness.png
  artifactKey: Guid(89869125eb6eb1247945b4ce64f518e2) Importer(815301076,1909f56bfc062723c751e8b465ee728b)
Start importing Assets/MaterialsArt/boulder2_crystals_fixed_boulder2_MetallicSmoothness.png using Guid(89869125eb6eb1247945b4ce64f518e2) Importer(815301076,1909f56bfc062723c751e8b465ee728b)  -> (artifact id: '00298da27da1f774bdb66d2085e853df') in 0.015176 seconds 
========================================================================
Received Import Request.
  Time since last request: 0.000023 seconds.
  path: Assets/MaterialsArt/boulder2_crystals_fixed_boulder2_Normal.png
  artifactKey: Guid(afdc2fc638a8e8144a74e716f4b0f2de) Importer(815301076,1909f56bfc062723c751e8b465ee728b)
Start importing Assets/MaterialsArt/boulder2_crystals_fixed_boulder2_Normal.png using Guid(afdc2fc638a8e8144a74e716f4b0f2de) Importer(815301076,1909f56bfc062723c751e8b465ee728b)  -> (artifact id: 'cae1b840400215ae1d608bccb6eae93d') in 0.014408 seconds 
========================================================================
Received Import Request.
  Time since last request: 375.778567 seconds.
  path: Assets/MaterialsArt/boulder3_boulder3_MetallicSmoothness.png
  artifactKey: Guid(4623622e3a50a9f41844fa36fc92812b) Importer(815301076,1909f56bfc062723c751e8b465ee728b)
Start importing Assets/MaterialsArt/boulder3_boulder3_MetallicSmoothness.png using Guid(4623622e3a50a9f41844fa36fc92812b) Importer(815301076,1909f56bfc062723c751e8b465ee728b)  -> (artifact id: 'a4cbd02b1914b5d3bdd2efcbc68fc768') in 0.018784 seconds 
========================================================================
Received Import Request.
  Time since last request: 142.431059 seconds.
  path: Assets/MaterialsArt/boulder3_crystals_fixed_boulder3_MetallicSmoothness.png
  artifactKey: Guid(d4cc45f64adbe7e43a8366233a91383d) Importer(815301076,1909f56bfc062723c751e8b465ee728b)
Start importing Assets/MaterialsArt/boulder3_crystals_fixed_boulder3_MetallicSmoothness.png using Guid(d4cc45f64adbe7e43a8366233a91383d) Importer(815301076,1909f56bfc062723c751e8b465ee728b)  -> (artifact id: 'a61f98eded51fb4258e3b8c60eac1efd') in 0.014551 seconds 
========================================================================
Received Import Request.
  Time since last request: 716.934521 seconds.
  path: Assets/MaterialsArt/flower_flowerStem_MetallicSmoothness.png
  artifactKey: Guid(4ba6e12981eba3749939f475973098e7) Importer(815301076,1909f56bfc062723c751e8b465ee728b)
Start importing Assets/MaterialsArt/flower_flowerStem_MetallicSmoothness.png using Guid(4ba6e12981eba3749939f475973098e7) Importer(815301076,1909f56bfc062723c751e8b465ee728b)  -> (artifact id: '4966ced5d69692c10280f0204f231132') in 0.013861 seconds 
========================================================================
Received Import Request.
  Time since last request: 100.328574 seconds.
  path: Assets/MaterialsArt/flower_flowerCore_MetallicSmoothness.png
  artifactKey: Guid(49f67a62c32620a45b0526cd658b6a2d) Importer(815301076,1909f56bfc062723c751e8b465ee728b)
Start importing Assets/MaterialsArt/flower_flowerCore_MetallicSmoothness.png using Guid(49f67a62c32620a45b0526cd658b6a2d) Importer(815301076,1909f56bfc062723c751e8b465ee728b)  -> (artifact id: '3ae41e1926b16fe0d0174ced3c80356a') in 0.013637 seconds 
========================================================================
Received Import Request.
  Time since last request: 64.865593 seconds.
  path: Assets/MaterialsArt/flower_flowerPetals_MetallicSmoothness.png
  artifactKey: Guid(fbbacf929d2898f4cb61b02f1a3641ee) Importer(815301076,1909f56bfc062723c751e8b465ee728b)
Start importing Assets/MaterialsArt/flower_flowerPetals_MetallicSmoothness.png using Guid(fbbacf929d2898f4cb61b02f1a3641ee) Importer(815301076,1909f56bfc062723c751e8b465ee728b)  -> (artifact id: 'bdaf60ffeb463afb936eba30cd2b7b1c') in 0.014647 seconds 
========================================================================
Received Import Request.
  Time since last request: 409.783708 seconds.
  path: Assets/MaterialsArt/rock1_Rock1_MetallicSmoothness.png
  artifactKey: Guid(f95606e00c796fa4fa2171be18dc3d5f) Importer(815301076,1909f56bfc062723c751e8b465ee728b)
Start importing Assets/MaterialsArt/rock1_Rock1_MetallicSmoothness.png using Guid(f95606e00c796fa4fa2171be18dc3d5f) Importer(815301076,1909f56bfc062723c751e8b465ee728b)  -> (artifact id: '504f26c076d9dcb237c4bdf87bd8029c') in 0.014219 seconds 
========================================================================
Received Import Request.
  Time since last request: 148.172066 seconds.
  path: Assets/MaterialsArt/rock1_crystals_fixed_Rock1_MetallicSmoothness.png
  artifactKey: Guid(ffefb24650b6a39449818278c0ff1c62) Importer(815301076,1909f56bfc062723c751e8b465ee728b)
Start importing Assets/MaterialsArt/rock1_crystals_fixed_Rock1_MetallicSmoothness.png using Guid(ffefb24650b6a39449818278c0ff1c62) Importer(815301076,1909f56bfc062723c751e8b465ee728b)  -> (artifact id: '37381c1ee634c073ac269f41ce16d106') in 0.013657 seconds 
========================================================================
Received Import Request.
  Time since last request: 0.000023 seconds.
  path: Assets/MaterialsArt/rock1_crystals_fixed_Rock1_Normal.png
  artifactKey: Guid(2810ee2c4610d004e8f675700a17567f) Importer(815301076,1909f56bfc062723c751e8b465ee728b)
Start importing Assets/MaterialsArt/rock1_crystals_fixed_Rock1_Normal.png using Guid(2810ee2c4610d004e8f675700a17567f) Importer(815301076,1909f56bfc062723c751e8b465ee728b)  -> (artifact id: '897dc615e3edddb926ad7af79d55e894') in 0.024852 seconds 
========================================================================
Received Import Request.
  Time since last request: 436.714035 seconds.
  path: Assets/MaterialsArt/rock2_rock2_MetallicSmoothness.png
  artifactKey: Guid(91fdfd2070a248f4f837be3e1e8cbfa0) Importer(815301076,1909f56bfc062723c751e8b465ee728b)
Start importing Assets/MaterialsArt/rock2_rock2_MetallicSmoothness.png using Guid(91fdfd2070a248f4f837be3e1e8cbfa0) Importer(815301076,1909f56bfc062723c751e8b465ee728b)  -> (artifact id: '2765d92b61536a89541f4cba2bd587cc') in 0.014593 seconds 
========================================================================
Received Import Request.
  Time since last request: 197.261658 seconds.
  path: Assets/MaterialsArt/rock2_crystals_fixed_rock2_MetallicSmoothness.png
  artifactKey: Guid(f0f7751b6fcd12f46aad9ab154a261b3) Importer(815301076,1909f56bfc062723c751e8b465ee728b)
Start importing Assets/MaterialsArt/rock2_crystals_fixed_rock2_MetallicSmoothness.png using Guid(f0f7751b6fcd12f46aad9ab154a261b3) Importer(815301076,1909f56bfc062723c751e8b465ee728b)  -> (artifact id: '40da381e4c3b2b4572dc71edc6e849be') in 0.014220 seconds 
========================================================================
Received Import Request.
  Time since last request: 237.295438 seconds.
  path: Assets/MaterialsArt/rock3_rock3_MetallicSmoothness.png
  artifactKey: Guid(f81357a950d7be64eafca53bed88a66b) Importer(815301076,1909f56bfc062723c751e8b465ee728b)
Start importing Assets/MaterialsArt/rock3_rock3_MetallicSmoothness.png using Guid(f81357a950d7be64eafca53bed88a66b) Importer(815301076,1909f56bfc062723c751e8b465ee728b)  -> (artifact id: '3d7ffc3575579e1a42c367d5ae02ea95') in 0.014968 seconds 
========================================================================
Received Import Request.
  Time since last request: 302.183958 seconds.
  path: Assets/MaterialsArt/rock3_crystals_fixed_rock3_MetallicSmoothness.png
  artifactKey: Guid(2c0ecbf593faa184e8050ac6b55b92ab) Importer(815301076,1909f56bfc062723c751e8b465ee728b)
Start importing Assets/MaterialsArt/rock3_crystals_fixed_rock3_MetallicSmoothness.png using Guid(2c0ecbf593faa184e8050ac6b55b92ab) Importer(815301076,1909f56bfc062723c751e8b465ee728b)  -> (artifact id: 'a8871af38bb12c98363a4c1a75e8c0dc') in 0.015599 seconds 
========================================================================
Received Import Request.
  Time since last request: 238.349334 seconds.
  path: Assets/MaterialsArt/rock4_rock4_MetallicSmoothness.png
  artifactKey: Guid(083f38b921c2d364ba5d0710db0c1551) Importer(815301076,1909f56bfc062723c751e8b465ee728b)
Start importing Assets/MaterialsArt/rock4_rock4_MetallicSmoothness.png using Guid(083f38b921c2d364ba5d0710db0c1551) Importer(815301076,1909f56bfc062723c751e8b465ee728b)  -> (artifact id: '74c9e5e114b47a09cbfcb6a6ec5da86d') in 0.014437 seconds 
========================================================================
Received Import Request.
  Time since last request: 0.000019 seconds.
  path: Assets/MaterialsArt/rock4_rock4_Normal.png
  artifactKey: Guid(47f8a6fc92cc9b04b8123cff79434d14) Importer(815301076,1909f56bfc062723c751e8b465ee728b)
Start importing Assets/MaterialsArt/rock4_rock4_Normal.png using Guid(47f8a6fc92cc9b04b8123cff79434d14) Importer(815301076,1909f56bfc062723c751e8b465ee728b)  -> (artifact id: 'aade33e5c24573ac3d118d52486c9514') in 0.015245 seconds 
========================================================================
Received Import Request.
  Time since last request: 106.531757 seconds.
  path: Assets/MaterialsArt/rock4_crystals_fixed_rock4_MetallicSmoothness.png
  artifactKey: Guid(e077e5d1a264132488b89a1dca310d6b) Importer(815301076,1909f56bfc062723c751e8b465ee728b)
Start importing Assets/MaterialsArt/rock4_crystals_fixed_rock4_MetallicSmoothness.png using Guid(e077e5d1a264132488b89a1dca310d6b) Importer(815301076,1909f56bfc062723c751e8b465ee728b)  -> (artifact id: '0b3cb02be2232a6e3f9723eb558c60c9') in 0.013535 seconds 
========================================================================
Received Import Request.
  Time since last request: 0.000026 seconds.
  path: Assets/MaterialsArt/rock4_crystals_fixed_rock4_Normal.png
  artifactKey: Guid(0eaf3fca0a24fba4b98fd44e3047dca4) Importer(815301076,1909f56bfc062723c751e8b465ee728b)
Start importing Assets/MaterialsArt/rock4_crystals_fixed_rock4_Normal.png using Guid(0eaf3fca0a24fba4b98fd44e3047dca4) Importer(815301076,1909f56bfc062723c751e8b465ee728b)  -> (artifact id: '6e6b75334860b9752e8499d5aae59e4f') in 0.014264 seconds 
