Using pre-set license
Built from '2022.1/staging' branch; Version is '2022.1.13f1 (22856944e6d2) revision 2262377'; Using compiler version '192829333'; Build Type 'Release'
OS: 'Windows 10  (10.0.19044) 64bit Core' Language: 'en' Physical Memory: 32621 MB
BatchMode: 1, IsHumanControllingUs: 0, StartBugReporterOnCrash: 0, Is64bit: 1, IsPro: 1

COMMAND LINE ARGUMENTS:
C:\Program Files\Unity 2022.1.13f1\Editor\Unity.exe
-adb2
-batchMode
-noUpm
-name
AssetImportWorker4
-projectPath
E:/SpaceBakingGame/GalacticBaking
-logFile
Logs/AssetImportWorker4.log
-srvPort
57705
Successfully changed project path to: E:/SpaceBakingGame/GalacticBaking
E:/SpaceBakingGame/GalacticBaking
[UnityMemory] Configuration Parameters - Can be set up in boot.config
    "memorysetup-bucket-allocator-granularity=16"
    "memorysetup-bucket-allocator-bucket-count=8"
    "memorysetup-bucket-allocator-block-size=33554432"
    "memorysetup-bucket-allocator-block-count=8"
    "memorysetup-main-allocator-block-size=16777216"
    "memorysetup-thread-allocator-block-size=16777216"
    "memorysetup-gfx-main-allocator-block-size=16777216"
    "memorysetup-gfx-thread-allocator-block-size=16777216"
    "memorysetup-cache-allocator-block-size=4194304"
    "memorysetup-typetree-allocator-block-size=2097152"
    "memorysetup-profiler-bucket-allocator-granularity=16"
    "memorysetup-profiler-bucket-allocator-bucket-count=8"
    "memorysetup-profiler-bucket-allocator-block-size=33554432"
    "memorysetup-profiler-bucket-allocator-block-count=8"
    "memorysetup-profiler-allocator-block-size=16777216"
    "memorysetup-profiler-editor-allocator-block-size=1048576"
    "memorysetup-temp-allocator-size-main=16777216"
    "memorysetup-job-temp-allocator-block-size=2097152"
    "memorysetup-job-temp-allocator-block-size-background=1048576"
    "memorysetup-job-temp-allocator-reduction-small-platforms=262144"
    "memorysetup-temp-allocator-size-background-worker=32768"
    "memorysetup-temp-allocator-size-job-worker=262144"
    "memorysetup-temp-allocator-size-preload-manager=33554432"
    "memorysetup-temp-allocator-size-nav-mesh-worker=65536"
    "memorysetup-temp-allocator-size-audio-worker=65536"
    "memorysetup-temp-allocator-size-cloud-worker=32768"
    "memorysetup-temp-allocator-size-gi-baking-worker=262144"
    "memorysetup-temp-allocator-size-gfx=262144"
Refreshing native plugins compatible for Editor in 85.51 ms, found 4 plugins.
Preloading 0 native plugins for Editor in 0.00 ms.
Initialize engine version: 2022.1.13f1 (22856944e6d2)
[Subsystems] Discovering subsystems at path C:/Program Files/Unity 2022.1.13f1/Editor/Data/Resources/UnitySubsystems
[Subsystems] Discovering subsystems at path E:/SpaceBakingGame/GalacticBaking/Assets
GfxDevice: creating device client; threaded=0; jobified=0
Direct3D:
    Version:  Direct3D 11.0 [level 11.1]
    Renderer: NVIDIA GeForce GTX 1660 Ti (ID=0x2182)
    Vendor:   NVIDIA
    VRAM:     5979 MB
    Driver:   31.0.15.2756
Initialize mono
Mono path[0] = 'C:/Program Files/Unity 2022.1.13f1/Editor/Data/Managed'
Mono path[1] = 'C:/Program Files/Unity 2022.1.13f1/Editor/Data/MonoBleedingEdge/lib/mono/unityjit-win32'
Mono config path = 'C:/Program Files/Unity 2022.1.13f1/Editor/Data/MonoBleedingEdge/etc'
Using monoOptions --debugger-agent=transport=dt_socket,embedding=1,server=y,suspend=n,address=127.0.0.1:56732
Begin MonoManager ReloadAssembly
Registering precompiled unity dll's ...
Register platform support module: C:/Program Files/Unity 2022.1.13f1/Editor/Data/PlaybackEngines/WindowsStandaloneSupport/UnityEditor.WindowsStandalone.Extensions.dll
Registered in 0.004635 seconds.
Native extension for WindowsStandalone target not found
Refreshing native plugins compatible for Editor in 82.91 ms, found 4 plugins.
Preloading 0 native plugins for Editor in 0.00 ms.
Mono: successfully reloaded assembly
- Completed reload, in  0.584 seconds
Domain Reload Profiling:
	ReloadAssembly (584ms)
		BeginReloadAssembly (64ms)
			ExecutionOrderSort (0ms)
			DisableScriptedObjects (0ms)
			BackupInstance (0ms)
			ReleaseScriptingObjects (0ms)
			CreateAndSetChildDomain (1ms)
		EndReloadAssembly (425ms)
			LoadAssemblies (62ms)
			RebuildTransferFunctionScriptingTraits (0ms)
			SetupTypeCache (97ms)
				TypeCache.Initialize (97ms)
					TypeCache.ScanAssembly (96ms)
				ResolveRequiredComponents (0ms)
			ReleaseScriptCaches (0ms)
			RebuildScriptCaches (24ms)
			SetupLoadedEditorAssemblies (257ms)
				LogAssemblyErrors (0ms)
				InitializePlatformSupportModulesInManaged (6ms)
				SetLoadedEditorAssemblies (6ms)
				RefreshPlugins (83ms)
				BeforeProcessingInitializeOnLoad (1ms)
				ProcessInitializeOnLoadAttributes (115ms)
				ProcessInitializeOnLoadMethodAttributes (46ms)
				AfterProcessingInitializeOnLoad (0ms)
				EditorAssembliesLoaded (0ms)
			ExecutionOrderSort2 (0ms)
			AwakeInstancesAfterBackupRestoration (0ms)
Platform modules already initialized, skipping
Registering precompiled user dll's ...
Registered in 0.004635 seconds.
Begin MonoManager ReloadAssembly
Symbol file LoadedFromMemory doesn't match image E:\SpaceBakingGame\GalacticBaking\Library\PackageCache\com.unity.visualscripting@1.7.8\Editor\VisualScripting.Core\Dependencies\YamlDotNet\Unity.VisualScripting.YamlDotNet.dll
Symbol file LoadedFromMemory doesn't match image E:\SpaceBakingGame\GalacticBaking\Library\PackageCache\com.unity.visualscripting@1.7.8\Editor\VisualScripting.Core\Dependencies\DotNetZip\Unity.VisualScripting.IonicZip.dll
Native extension for WindowsStandalone target not found
Refreshing native plugins compatible for Editor in 83.71 ms, found 4 plugins.
Preloading 0 native plugins for Editor in 0.00 ms.
Mono: successfully reloaded assembly
- Completed reload, in  1.131 seconds
Domain Reload Profiling:
	ReloadAssembly (1132ms)
		BeginReloadAssembly (99ms)
			ExecutionOrderSort (0ms)
			DisableScriptedObjects (4ms)
			BackupInstance (0ms)
			ReleaseScriptingObjects (0ms)
			CreateAndSetChildDomain (17ms)
		EndReloadAssembly (936ms)
			LoadAssemblies (69ms)
			RebuildTransferFunctionScriptingTraits (0ms)
			SetupTypeCache (246ms)
				TypeCache.Initialize (240ms)
					TypeCache.ScanAssembly (235ms)
				ResolveRequiredComponents (6ms)
			ReleaseScriptCaches (1ms)
			RebuildScriptCaches (55ms)
			SetupLoadedEditorAssemblies (525ms)
				LogAssemblyErrors (0ms)
				InitializePlatformSupportModulesInManaged (4ms)
				SetLoadedEditorAssemblies (6ms)
				RefreshPlugins (84ms)
				BeforeProcessingInitializeOnLoad (81ms)
				ProcessInitializeOnLoadAttributes (320ms)
				ProcessInitializeOnLoadMethodAttributes (23ms)
				AfterProcessingInitializeOnLoad (7ms)
				EditorAssembliesLoaded (0ms)
			ExecutionOrderSort2 (0ms)
			AwakeInstancesAfterBackupRestoration (5ms)
Platform modules already initialized, skipping
========================================================================
Worker process is ready to serve import requests
Launched and connected shader compiler UnityShaderCompiler.exe after 0.03 seconds
Refreshing native plugins compatible for Editor in 0.79 ms, found 4 plugins.
Preloading 0 native plugins for Editor in 0.00 ms.
Unloading 4456 Unused Serialized files (Serialized files now loaded: 0)
Unloading 69 unused Assets / (1.7 MB). Loaded Objects now: 4929.
Memory consumption went from 0.69 GB to 0.69 GB.
Total: 3.131400 ms (FindLiveObjects: 0.338800 ms CreateObjectMapping: 0.321300 ms MarkObjects: 2.168600 ms  DeleteObjects: 0.302200 ms)

AssetImportParameters requested are different than current active one (requested -> active):
  custom:video-decoder-ogg-theora: a1e56fd34408186e4bbccfd4996cb3dc -> 
  custom:container-muxer-webm: aa71ff27fc2769a1b78a27578f13a17b -> 
  custom:container-demuxer-webm: 4f35f7cbe854078d1ac9338744f61a02 -> 
  custom:video-encoder-webm-vp8: eb34c28f22e8b96e1ab97ce403110664 -> 
  custom:video-codec-MediaFoundation-h265: e54d7ab0439102e2317fc1e4b246158d -> 
  custom:audio-encoder-webm-vorbis: bf7c407c2cedff20999df2af8eb42d56 -> 
  custom:framework-win-MediaFoundation: 216162199b28c13a410421893ffa2e32 -> 
  custom:container-demuxer-ogg: 62fdf1f143b41e24485cea50d1cbac27 -> 
  custom:video-decoder-webm-vp8: 9c59270c3fd7afecdb556c50c9e8de78 -> 
  custom:audio-decoder-ogg-vorbis: bf7c407c2cedff20999df2af8eb42d56 -> 
========================================================================
Received Import Request.
  Time since last request: 1637.612521 seconds.
  path: Assets/Prefabs/Decore
  artifactKey: Guid(0a32313b847792b468d1c6f9c2f75a58) Importer(815301076,1909f56bfc062723c751e8b465ee728b)
Start importing Assets/Prefabs/Decore using Guid(0a32313b847792b468d1c6f9c2f75a58) Importer(815301076,1909f56bfc062723c751e8b465ee728b)  -> (artifact id: 'a80a9ade2647b383f232e036ffeaec0d') in 0.007922 seconds 
========================================================================
Received Import Request.
  Time since last request: 16.778462 seconds.
  path: Assets/Prefabs/Tree.prefab
  artifactKey: Guid(ef53230fe42bf9e4ca4e65ffe1ac6c0b) Importer(815301076,1909f56bfc062723c751e8b465ee728b)
Start importing Assets/Prefabs/Tree.prefab using Guid(ef53230fe42bf9e4ca4e65ffe1ac6c0b) Importer(815301076,1909f56bfc062723c751e8b465ee728b)  -> (artifact id: '01a896488765b825dd73c0cf63a3e63e') in 0.096716 seconds 
========================================================================
Received Import Request.
  Time since last request: 19.561838 seconds.
  path: Assets/Prefabs/Tree.prefab
  artifactKey: Guid(ef53230fe42bf9e4ca4e65ffe1ac6c0b) Importer(815301076,1909f56bfc062723c751e8b465ee728b)
Start importing Assets/Prefabs/Tree.prefab using Guid(ef53230fe42bf9e4ca4e65ffe1ac6c0b) Importer(815301076,1909f56bfc062723c751e8b465ee728b)  -> (artifact id: '4175cd50eef5b335583182c8b2f62abd') in 0.030083 seconds 
========================================================================
Received Import Request.
  Time since last request: 25.649709 seconds.
  path: Assets/Objects/tree_crystals_fixed.fbx
  artifactKey: Guid(5ed927adc1c29304e840a641291a592f) Importer(815301076,1909f56bfc062723c751e8b465ee728b)
Start importing Assets/Objects/tree_crystals_fixed.fbx using Guid(5ed927adc1c29304e840a641291a592f) Importer(815301076,1909f56bfc062723c751e8b465ee728b)  -> (artifact id: '633071882724d76b9c63724e6d0940e3') in 0.388998 seconds 
========================================================================
Received Import Request.
  Time since last request: 95.622981 seconds.
  path: Assets/Art
  artifactKey: Guid(285ee46657b975b41b9348ae2922e762) Importer(815301076,1909f56bfc062723c751e8b465ee728b)
Start importing Assets/Art using Guid(285ee46657b975b41b9348ae2922e762) Importer(815301076,1909f56bfc062723c751e8b465ee728b)  -> (artifact id: '69aac40f8879f13013fac05832983f98') in 0.111541 seconds 
========================================================================
Received Import Request.
  Time since last request: 0.000035 seconds.
  path: Assets/Art/Menu20UI20Play.png
  artifactKey: Guid(03764a443b34a32439e966201b72930c) Importer(815301076,1909f56bfc062723c751e8b465ee728b)
Start importing Assets/Art/Menu20UI20Play.png using Guid(03764a443b34a32439e966201b72930c) Importer(815301076,1909f56bfc062723c751e8b465ee728b)  -> (artifact id: '5ae083ccf964c27de2114f09eeb19dcc') in 0.053374 seconds 
========================================================================
Received Import Request.
  Time since last request: 0.000034 seconds.
  path: Assets/Art/Menu20UI20Controls.png
  artifactKey: Guid(e07d294c78ce17c46a30b49454e561cf) Importer(815301076,1909f56bfc062723c751e8b465ee728b)
Start importing Assets/Art/Menu20UI20Controls.png using Guid(e07d294c78ce17c46a30b49454e561cf) Importer(815301076,1909f56bfc062723c751e8b465ee728b)  -> (artifact id: 'eb8bef1aabb536c452d933a89db0bf1a') in 0.020419 seconds 
========================================================================
Received Import Request.
  Time since last request: 0.000017 seconds.
  path: Assets/Art/Menu20UI20Exit.png
  artifactKey: Guid(6f705e71d0493424c921ca8d4ce39797) Importer(815301076,1909f56bfc062723c751e8b465ee728b)
Start importing Assets/Art/Menu20UI20Exit.png using Guid(6f705e71d0493424c921ca8d4ce39797) Importer(815301076,1909f56bfc062723c751e8b465ee728b)  -> (artifact id: '963b176dab5c671d29b2176169d49f91') in 0.032102 seconds 
========================================================================
Received Import Request.
  Time since last request: 0.000022 seconds.
  path: Assets/Art/crosshair038.png
  artifactKey: Guid(2ec34f272ae92bd47ae75b92d4ac314d) Importer(815301076,1909f56bfc062723c751e8b465ee728b)
Start importing Assets/Art/crosshair038.png using Guid(2ec34f272ae92bd47ae75b92d4ac314d) Importer(815301076,1909f56bfc062723c751e8b465ee728b)  -> (artifact id: '01aa1817d813207021c6e7f2656d25e1') in 0.019768 seconds 
========================================================================
Received Import Request.
  Time since last request: 0.000024 seconds.
  path: Assets/Art/MainMenu.png
  artifactKey: Guid(afc9a2385cf805449acb26bb66dbe2e4) Importer(815301076,1909f56bfc062723c751e8b465ee728b)
Start importing Assets/Art/MainMenu.png using Guid(afc9a2385cf805449acb26bb66dbe2e4) Importer(815301076,1909f56bfc062723c751e8b465ee728b)  -> (artifact id: '2786bd116c1192b99ea481a3e7988dca') in 0.209328 seconds 
========================================================================
Received Import Request.
  Time since last request: 4.342699 seconds.
  path: Assets/MaterialsArt/Tree1_top.mat
  artifactKey: Guid(1a07efdbb7b310f4686d6e9233895259) Importer(815301076,1909f56bfc062723c751e8b465ee728b)
Start importing Assets/MaterialsArt/Tree1_top.mat using Guid(1a07efdbb7b310f4686d6e9233895259) Importer(815301076,1909f56bfc062723c751e8b465ee728b)  -> (artifact id: 'aa2e1479c83bf6563492bd58bf683de1') in 0.018346 seconds 
========================================================================
Received Import Request.
  Time since last request: 26.979614 seconds.
  path: Assets/MaterialsArt/Tree1_trunk2.mat
  artifactKey: Guid(989fe15ac68d1d949bed16b161fc9739) Importer(815301076,1909f56bfc062723c751e8b465ee728b)
Start importing Assets/MaterialsArt/Tree1_trunk2.mat using Guid(989fe15ac68d1d949bed16b161fc9739) Importer(815301076,1909f56bfc062723c751e8b465ee728b)  -> (artifact id: '0cb961cec4d46c79647c08d15acf303c') in 0.014353 seconds 
========================================================================
Received Import Request.
  Time since last request: 7.969643 seconds.
  path: Assets/MaterialsArt/tree_crystals_fixed_treeTrunk_AlbedoTransparency.png
  artifactKey: Guid(9b815f3fa0792a049b488d336a1440fe) Importer(815301076,1909f56bfc062723c751e8b465ee728b)
Start importing Assets/MaterialsArt/tree_crystals_fixed_treeTrunk_AlbedoTransparency.png using Guid(9b815f3fa0792a049b488d336a1440fe) Importer(815301076,1909f56bfc062723c751e8b465ee728b)  -> (artifact id: 'b84991cb5350d100c8e22a1b3f10f6f0') in 0.015587 seconds 
========================================================================
Received Import Request.
  Time since last request: 10.950226 seconds.
  path: Assets/MaterialsArt/tree_crystals_fixed_treeTrunk_Normal.png
  artifactKey: Guid(e095494007935e547a107a7c4929f8a2) Importer(815301076,1909f56bfc062723c751e8b465ee728b)
Start importing Assets/MaterialsArt/tree_crystals_fixed_treeTrunk_Normal.png using Guid(e095494007935e547a107a7c4929f8a2) Importer(815301076,1909f56bfc062723c751e8b465ee728b)  -> (artifact id: 'c3a0f85ebb3e4c7a889fc75feccfaeb6') in 0.010395 seconds 
========================================================================
Received Import Request.
  Time since last request: 44.676538 seconds.
  path: Assets/Objects/Tree1.fbx
  artifactKey: Guid(94fcf0ca2263f9647878b3ca9e0526ff) Importer(815301076,1909f56bfc062723c751e8b465ee728b)
Start importing Assets/Objects/Tree1.fbx using Guid(94fcf0ca2263f9647878b3ca9e0526ff) Importer(815301076,1909f56bfc062723c751e8b465ee728b)  -> (artifact id: 'acba94431a435a515f882f3ec0c36f7c') in 0.151889 seconds 
========================================================================
Received Import Request.
  Time since last request: 24.911105 seconds.
  path: Assets/Objects/Tree1_crystals.fbx
  artifactKey: Guid(5ed927adc1c29304e840a641291a592f) Importer(815301076,1909f56bfc062723c751e8b465ee728b)
Start importing Assets/Objects/Tree1_crystals.fbx using Guid(5ed927adc1c29304e840a641291a592f) Importer(815301076,1909f56bfc062723c751e8b465ee728b)  -> (artifact id: 'afc7c677b77d3139b667912f3bdc18e1') in 0.257140 seconds 
========================================================================
Received Import Request.
  Time since last request: 28.065878 seconds.
  path: Assets/MaterialsArt/Textures/MAT
  artifactKey: Guid(7353c82d28efac049995624e1cbd0a4b) Importer(815301076,1909f56bfc062723c751e8b465ee728b)
Start importing Assets/MaterialsArt/Textures/MAT using Guid(7353c82d28efac049995624e1cbd0a4b) Importer(815301076,1909f56bfc062723c751e8b465ee728b)  -> (artifact id: '0dbe19892584df5768b2dca87f4f52d2') in 0.006881 seconds 
========================================================================
Received Import Request.
  Time since last request: 7.320689 seconds.
  path: Assets/MaterialsArt/Textures/OBJ/StarterGun
  artifactKey: Guid(2f49d1860dfb51e4a9a2f35146a9d1fb) Importer(815301076,1909f56bfc062723c751e8b465ee728b)
Start importing Assets/MaterialsArt/Textures/OBJ/StarterGun using Guid(2f49d1860dfb51e4a9a2f35146a9d1fb) Importer(815301076,1909f56bfc062723c751e8b465ee728b)  -> (artifact id: 'c1806d40ac2243c177b2d0f3f8e087c4') in 0.002572 seconds 
========================================================================
Received Import Request.
  Time since last request: 0.129349 seconds.
  path: Assets/MaterialsArt/Textures/OBJ/StarterGun/StarterGun_04_lambert1_AlbedoTransparency.png
  artifactKey: Guid(d4ca4103f631afe4f926ac83e0595d0a) Importer(815301076,1909f56bfc062723c751e8b465ee728b)
Start importing Assets/MaterialsArt/Textures/OBJ/StarterGun/StarterGun_04_lambert1_AlbedoTransparency.png using Guid(d4ca4103f631afe4f926ac83e0595d0a) Importer(815301076,1909f56bfc062723c751e8b465ee728b)  -> (artifact id: '55691f3d164a5ab1421708a6f1216d89') in 0.066465 seconds 
========================================================================
Received Import Request.
  Time since last request: 0.000029 seconds.
  path: Assets/MaterialsArt/Textures/OBJ/StarterGun/StarterGun_04_lambert1_MetallicSmoothness.png
  artifactKey: Guid(0e5ed9ad2fc4ce04c915ad7189d686d4) Importer(815301076,1909f56bfc062723c751e8b465ee728b)
Start importing Assets/MaterialsArt/Textures/OBJ/StarterGun/StarterGun_04_lambert1_MetallicSmoothness.png using Guid(0e5ed9ad2fc4ce04c915ad7189d686d4) Importer(815301076,1909f56bfc062723c751e8b465ee728b)  -> (artifact id: 'b030c2d58629c0fee747ea1a10bb448a') in 0.017825 seconds 
========================================================================
Received Import Request.
  Time since last request: 0.000036 seconds.
  path: Assets/MaterialsArt/Textures/OBJ/StarterGun/StarterGun_04_lambert1_Normal.png
  artifactKey: Guid(55f6c93897f7c5b4fa08d727c2b2d1b9) Importer(815301076,1909f56bfc062723c751e8b465ee728b)
Start importing Assets/MaterialsArt/Textures/OBJ/StarterGun/StarterGun_04_lambert1_Normal.png using Guid(55f6c93897f7c5b4fa08d727c2b2d1b9) Importer(815301076,1909f56bfc062723c751e8b465ee728b)  -> (artifact id: '15fe57a6ff485d5c078c2621fd3f4803') in 0.020705 seconds 
Editor requested this worker to shutdown with reason: Scaling down because of idle timeout
AssetImportWorker is now disconnected from the server
Process exiting
Exiting without the bug reporter. Application will terminate with return code 0