Using pre-set license
Built from '2022.1/staging' branch; Version is '2022.1.13f1 (22856944e6d2) revision 2262377'; Using compiler version '192829333'; Build Type 'Release'
OS: 'Windows 11  (10.0.22621) 64bit Professional' Language: 'en' Physical Memory: 16077 MB
BatchMode: 1, IsHumanControllingUs: 0, StartBugReporterOnCrash: 0, Is64bit: 1, IsPro: 1

COMMAND LINE ARGUMENTS:
C:\Program Files\Unity\Hub\Editor\2022.1.13f1\Editor\Unity.exe
-adb2
-batchMode
-noUpm
-name
AssetImportWorker0
-projectPath
C:/Users/Erin/Desktop/SpaceBaking/GalacticBaking
-logFile
Logs/AssetImportWorker0.log
-srvPort
57806
Successfully changed project path to: C:/Users/Erin/Desktop/SpaceBaking/GalacticBaking
C:/Users/Erin/Desktop/SpaceBaking/GalacticBaking
[UnityMemory] Configuration Parameters - Can be set up in boot.config
    "memorysetup-bucket-allocator-granularity=16"
    "memorysetup-bucket-allocator-bucket-count=8"
    "memorysetup-bucket-allocator-block-size=33554432"
    "memorysetup-bucket-allocator-block-count=8"
    "memorysetup-main-allocator-block-size=16777216"
    "memorysetup-thread-allocator-block-size=16777216"
    "memorysetup-gfx-main-allocator-block-size=16777216"
    "memorysetup-gfx-thread-allocator-block-size=16777216"
    "memorysetup-cache-allocator-block-size=4194304"
    "memorysetup-typetree-allocator-block-size=2097152"
    "memorysetup-profiler-bucket-allocator-granularity=16"
    "memorysetup-profiler-bucket-allocator-bucket-count=8"
    "memorysetup-profiler-bucket-allocator-block-size=33554432"
    "memorysetup-profiler-bucket-allocator-block-count=8"
    "memorysetup-profiler-allocator-block-size=16777216"
    "memorysetup-profiler-editor-allocator-block-size=1048576"
    "memorysetup-temp-allocator-size-main=16777216"
    "memorysetup-job-temp-allocator-block-size=2097152"
    "memorysetup-job-temp-allocator-block-size-background=1048576"
    "memorysetup-job-temp-allocator-reduction-small-platforms=262144"
    "memorysetup-temp-allocator-size-background-worker=32768"
    "memorysetup-temp-allocator-size-job-worker=262144"
    "memorysetup-temp-allocator-size-preload-manager=33554432"
    "memorysetup-temp-allocator-size-nav-mesh-worker=65536"
    "memorysetup-temp-allocator-size-audio-worker=65536"
    "memorysetup-temp-allocator-size-cloud-worker=32768"
    "memorysetup-temp-allocator-size-gi-baking-worker=262144"
    "memorysetup-temp-allocator-size-gfx=262144"
Refreshing native plugins compatible for Editor in 153.26 ms, found 3 plugins.
Preloading 0 native plugins for Editor in 0.00 ms.
Initialize engine version: 2022.1.13f1 (22856944e6d2)
[Subsystems] Discovering subsystems at path C:/Program Files/Unity/Hub/Editor/2022.1.13f1/Editor/Data/Resources/UnitySubsystems
[Subsystems] Discovering subsystems at path C:/Users/Erin/Desktop/SpaceBaking/GalacticBaking/Assets
GfxDevice: creating device client; threaded=0; jobified=0
Direct3D:
    Version:  Direct3D 11.0 [level 11.1]
    Renderer: Microsoft Basic Render Driver (ID=0x8c)
    Vendor:   Microsoft
    VRAM:     8038 MB
Initialize mono
Mono path[0] = 'C:/Program Files/Unity/Hub/Editor/2022.1.13f1/Editor/Data/Managed'
Mono path[1] = 'C:/Program Files/Unity/Hub/Editor/2022.1.13f1/Editor/Data/MonoBleedingEdge/lib/mono/unityjit-win32'
Mono config path = 'C:/Program Files/Unity/Hub/Editor/2022.1.13f1/Editor/Data/MonoBleedingEdge/etc'
Using monoOptions --debugger-agent=transport=dt_socket,embedding=1,server=y,suspend=n,address=127.0.0.1:56016
Begin MonoManager ReloadAssembly
Registering precompiled unity dll's ...
Register platform support module: C:/Program Files/Unity/Hub/Editor/2022.1.13f1/Editor/Data/PlaybackEngines/WindowsStandaloneSupport/UnityEditor.WindowsStandalone.Extensions.dll
Registered in 0.004960 seconds.
Native extension for WindowsStandalone target not found
Refreshing native plugins compatible for Editor in 173.55 ms, found 3 plugins.
Preloading 0 native plugins for Editor in 0.00 ms.
Mono: successfully reloaded assembly
- Completed reload, in  1.653 seconds
Domain Reload Profiling:
	ReloadAssembly (1654ms)
		BeginReloadAssembly (165ms)
			ExecutionOrderSort (0ms)
			DisableScriptedObjects (0ms)
			BackupInstance (0ms)
			ReleaseScriptingObjects (0ms)
			CreateAndSetChildDomain (1ms)
		EndReloadAssembly (1186ms)
			LoadAssemblies (139ms)
			RebuildTransferFunctionScriptingTraits (0ms)
			SetupTypeCache (261ms)
				TypeCache.Initialize (260ms)
					TypeCache.ScanAssembly (258ms)
				ResolveRequiredComponents (1ms)
			ReleaseScriptCaches (0ms)
			RebuildScriptCaches (78ms)
			SetupLoadedEditorAssemblies (695ms)
				LogAssemblyErrors (0ms)
				InitializePlatformSupportModulesInManaged (44ms)
				SetLoadedEditorAssemblies (20ms)
				RefreshPlugins (174ms)
				BeforeProcessingInitializeOnLoad (11ms)
				ProcessInitializeOnLoadAttributes (329ms)
				ProcessInitializeOnLoadMethodAttributes (117ms)
				AfterProcessingInitializeOnLoad (0ms)
				EditorAssembliesLoaded (0ms)
			ExecutionOrderSort2 (0ms)
			AwakeInstancesAfterBackupRestoration (0ms)
Platform modules already initialized, skipping
Registering precompiled user dll's ...
Registered in 0.004076 seconds.
Begin MonoManager ReloadAssembly
Native extension for WindowsStandalone target not found
Refreshing native plugins compatible for Editor in 222.33 ms, found 3 plugins.
Preloading 0 native plugins for Editor in 0.00 ms.
Mono: successfully reloaded assembly
- Completed reload, in  3.470 seconds
Domain Reload Profiling:
	ReloadAssembly (3472ms)
		BeginReloadAssembly (335ms)
			ExecutionOrderSort (0ms)
			DisableScriptedObjects (8ms)
			BackupInstance (0ms)
			ReleaseScriptingObjects (0ms)
			CreateAndSetChildDomain (34ms)
		EndReloadAssembly (2854ms)
			LoadAssemblies (259ms)
			RebuildTransferFunctionScriptingTraits (0ms)
			SetupTypeCache (840ms)
				TypeCache.Initialize (833ms)
					TypeCache.ScanAssembly (829ms)
				ResolveRequiredComponents (7ms)
			ReleaseScriptCaches (1ms)
			RebuildScriptCaches (224ms)
			SetupLoadedEditorAssemblies (1438ms)
				LogAssemblyErrors (0ms)
				InitializePlatformSupportModulesInManaged (5ms)
				SetLoadedEditorAssemblies (26ms)
				RefreshPlugins (222ms)
				BeforeProcessingInitializeOnLoad (216ms)
				ProcessInitializeOnLoadAttributes (851ms)
				ProcessInitializeOnLoadMethodAttributes (90ms)
				AfterProcessingInitializeOnLoad (9ms)
				EditorAssembliesLoaded (19ms)
			ExecutionOrderSort2 (0ms)
			AwakeInstancesAfterBackupRestoration (25ms)
Platform modules already initialized, skipping
========================================================================
Worker process is ready to serve import requests
Launched and connected shader compiler UnityShaderCompiler.exe after 0.19 seconds
Refreshing native plugins compatible for Editor in 0.82 ms, found 3 plugins.
Preloading 0 native plugins for Editor in 0.00 ms.
Unloading 3953 Unused Serialized files (Serialized files now loaded: 0)
Unloading 42 unused Assets / (131.6 KB). Loaded Objects now: 4416.
Memory consumption went from 0.60 GB to 0.60 GB.
Total: 48.645000 ms (FindLiveObjects: 0.542600 ms CreateObjectMapping: 0.272300 ms MarkObjects: 47.541900 ms  DeleteObjects: 0.284900 ms)

AssetImportParameters requested are different than current active one (requested -> active):
  custom:video-decoder-ogg-theora: a1e56fd34408186e4bbccfd4996cb3dc -> 
  custom:container-muxer-webm: aa71ff27fc2769a1b78a27578f13a17b -> 
  custom:container-demuxer-webm: 4f35f7cbe854078d1ac9338744f61a02 -> 
  custom:video-encoder-webm-vp8: eb34c28f22e8b96e1ab97ce403110664 -> 
  custom:video-codec-MediaFoundation-h265: 746d11721c4dcdbdad8f713fa42b33f4 -> 
  custom:audio-encoder-webm-vorbis: bf7c407c2cedff20999df2af8eb42d56 -> 
  custom:framework-win-MediaFoundation: 216162199b28c13a410421893ffa2e32 -> 
  custom:container-demuxer-ogg: 62fdf1f143b41e24485cea50d1cbac27 -> 
  custom:video-decoder-webm-vp8: 9c59270c3fd7afecdb556c50c9e8de78 -> 
  custom:audio-decoder-ogg-vorbis: bf7c407c2cedff20999df2af8eb42d56 -> 
========================================================================
Received Import Request.
  Time since last request: 1010164.936189 seconds.
  path: Assets/MaterialsArt/Lamber.mat
  artifactKey: Guid(bc9cf31f528114b4ca81b45bd1df1e2f) Importer(815301076,1909f56bfc062723c751e8b465ee728b)
Start importing Assets/MaterialsArt/Lamber.mat using Guid(bc9cf31f528114b4ca81b45bd1df1e2f) Importer(815301076,1909f56bfc062723c751e8b465ee728b)  -> (artifact id: '803973727cd8ef388b2e2cbe858bc098') in 0.386102 seconds 
========================================================================
Received Import Request.
  Time since last request: 0.000034 seconds.
  path: Assets/MaterialsArt/GunMat.mat
  artifactKey: Guid(1bbd67830d227be459a206320e2a31ea) Importer(815301076,1909f56bfc062723c751e8b465ee728b)
Start importing Assets/MaterialsArt/GunMat.mat using Guid(1bbd67830d227be459a206320e2a31ea) Importer(815301076,1909f56bfc062723c751e8b465ee728b)  -> (artifact id: '967301eeecaba0dd18fa95797ecfec7b') in 0.066745 seconds 
========================================================================
Received Import Request.
  Time since last request: 0.014733 seconds.
  path: Assets/MaterialsArt/Glass.mat
  artifactKey: Guid(6ef2504469298ac4c8f2a8b3e18c0300) Importer(815301076,1909f56bfc062723c751e8b465ee728b)
Start importing Assets/MaterialsArt/Glass.mat using Guid(6ef2504469298ac4c8f2a8b3e18c0300) Importer(815301076,1909f56bfc062723c751e8b465ee728b)  -> (artifact id: 'fb194af4418193d50ab93d9b8540daaa') in 0.768027 seconds 
========================================================================
Received Import Request.
  Time since last request: 0.000049 seconds.
  path: Assets/MaterialsArt/ShopMat.mat
  artifactKey: Guid(771a50b6c91aaa047bb7071cd20bdfa6) Importer(815301076,1909f56bfc062723c751e8b465ee728b)
Start importing Assets/MaterialsArt/ShopMat.mat using Guid(771a50b6c91aaa047bb7071cd20bdfa6) Importer(815301076,1909f56bfc062723c751e8b465ee728b)  -> (artifact id: '2e4c0953741499bee700655ba31627a3') in 0.080450 seconds 
========================================================================
Received Import Request.
  Time since last request: 0.000062 seconds.
  path: Assets/MaterialsArt/StarterGun.mat
  artifactKey: Guid(9496883ab6f28764f88695a48ae5a6ce) Importer(815301076,1909f56bfc062723c751e8b465ee728b)
Start importing Assets/MaterialsArt/StarterGun.mat using Guid(9496883ab6f28764f88695a48ae5a6ce) Importer(815301076,1909f56bfc062723c751e8b465ee728b)  -> (artifact id: 'b20a9f6ed24b447d83e3dcf80fd4f2b7') in 0.814194 seconds 
========================================================================
Received Import Request.
  Time since last request: 0.000040 seconds.
  path: Assets/Objects/IronPan.fbx
  artifactKey: Guid(1b5cd44a67bed7747bd6ccdb6aa08076) Importer(815301076,1909f56bfc062723c751e8b465ee728b)
Start importing Assets/Objects/IronPan.fbx using Guid(1b5cd44a67bed7747bd6ccdb6aa08076) Importer(815301076,1909f56bfc062723c751e8b465ee728b)  -> (artifact id: 'a0c4299753219b39a43d535ee3509c58') in 0.343856 seconds 
========================================================================
Received Import Request.
  Time since last request: 0.000087 seconds.
  path: Assets/Objects/TrainingDummy 1.fbx
  artifactKey: Guid(5f22bf5169e5d9649ba5e52234c3057d) Importer(815301076,1909f56bfc062723c751e8b465ee728b)
Start importing Assets/Objects/TrainingDummy 1.fbx using Guid(5f22bf5169e5d9649ba5e52234c3057d) Importer(815301076,1909f56bfc062723c751e8b465ee728b)  -> (artifact id: '02db3295814c4b0034e56750a53baa10') in 0.476491 seconds 
========================================================================
Received Import Request.
  Time since last request: 0.000056 seconds.
  path: Assets/Objects/LargeGun_01_Low.fbx
  artifactKey: Guid(4f2a19799d1f08441a6a465033825546) Importer(815301076,1909f56bfc062723c751e8b465ee728b)
Start importing Assets/Objects/LargeGun_01_Low.fbx using Guid(4f2a19799d1f08441a6a465033825546) Importer(815301076,1909f56bfc062723c751e8b465ee728b)  -> (artifact id: 'f068d12f2496da1276286ee334550d4b') in 0.698658 seconds 
========================================================================
Received Import Request.
  Time since last request: 0.000064 seconds.
  path: Assets/Objects/KitchenPrep 1.fbx
  artifactKey: Guid(d3f891587cced864192aee161c1265b4) Importer(815301076,1909f56bfc062723c751e8b465ee728b)
Start importing Assets/Objects/KitchenPrep 1.fbx using Guid(d3f891587cced864192aee161c1265b4) Importer(815301076,1909f56bfc062723c751e8b465ee728b)  -> (artifact id: '1aaa1f357db107407142f00670001163') in 0.228597 seconds 
Editor requested this worker to shutdown with reason: Scaling down because of idle timeout
AssetImportWorker is now disconnected from the server
Process exiting
Exiting without the bug reporter. Application will terminate with return code 0